#! /usr/bin/vvp
:ivl_version "0.9.5 " "(v0_9_5)";
:vpi_time_precision + 0;
:vpi_module "system";
:vpi_module "v2005_math";
:vpi_module "va_math";
S_0x1506baf0 .scope module, "test" "test" 2 1;
 .timescale 0 0;
v0x150babd0_0 .var "btn", 4 0;
v0x150bae80_0 .var "clk", 0 0;
v0x150baf50_0 .var "rst_n", 0 0;
v0x150bafd0_0 .net "seg", 11 0, v0x150b54b0_0; 1 drivers
S_0x150753a0 .scope module, "top0" "top" 2 5, 3 1, S_0x1506baf0;
 .timescale 0 0;
v0x150b9910_0 .net "alu_op", 3 0, v0x150b56b0_0; 1 drivers
v0x150b99e0_0 .net "alu_out", 17 0, v0x150b82b0_0; 1 drivers
v0x150b9a60_0 .net "btn", 4 0, v0x150babd0_0; 1 drivers
v0x150b9ae0_0 .net "clk", 0 0, L_0x150bc200; 1 drivers
v0x150b9b90_0 .net "dec_data", 17 0, v0x150b5770_0; 1 drivers
v0x150b9c60_0 .net "dst", 3 0, v0x150b5810_0; 1 drivers
v0x150b9d30_0 .net "mclk", 0 0, v0x150bae80_0; 1 drivers
v0x150b9db0_0 .net "mem_data", 17 0, L_0x150bb610; 1 drivers
v0x150b9ed0_0 .net "mem_we", 0 0, v0x150b58b0_0; 1 drivers
v0x150b9fa0_0 .net "op", 31 0, v0x150b63e0_0; 1 drivers
v0x150ba080_0 .net "pc_in", 3 0, v0x150b5a00_0; 1 drivers
v0x150ba150_0 .net "pc_out", 3 0, v0x150b6770_0; 1 drivers
v0x150ba240_0 .net "pc_we", 0 0, v0x150b5aa0_0; 1 drivers
v0x150ba310_0 .net "reg_data0", 17 0, L_0x150bb140; 1 drivers
v0x150ba410_0 .net "reg_data1", 17 0, L_0x150bb290; 1 drivers
v0x150ba490_0 .net "reg_we", 0 0, v0x150b5b40_0; 1 drivers
v0x150ba5a0_0 .net "rst_n", 0 0, v0x150baf50_0; 1 drivers
v0x150ba620_0 .alias "seg", 11 0, v0x150bafd0_0;
v0x150ba510_0 .net "sel1", 0 0, v0x150b5be0_0; 1 drivers
v0x150ba790_0 .net "sel1_out", 17 0, v0x150b9780_0; 1 drivers
v0x150ba8c0_0 .net "sel2", 0 0, v0x150b5c80_0; 1 drivers
v0x150ba940_0 .net "sel2_out", 17 0, v0x150b93a0_0; 1 drivers
v0x150baa80_0 .net "src0", 3 0, v0x150b5d80_0; 1 drivers
v0x150bab00_0 .net "src1", 3 0, v0x150b5e20_0; 1 drivers
v0x150bac50_0 .net "zf", 0 0, v0x150b8390_0; 1 drivers
v0x150bacd0_0 .net "zf_out", 0 0, v0x150b6270_0; 1 drivers
S_0x150b9500 .scope module, "s1" "sel" 3 43, 4 1, S_0x150753a0;
 .timescale 0 0;
v0x150b9620_0 .alias "in0", 17 0, v0x150b9b90_0;
v0x150b96d0_0 .alias "in1", 17 0, v0x150ba310_0;
v0x150b9780_0 .var "out", 17 0;
v0x150b9830_0 .alias "sel", 0 0, v0x150ba510_0;
E_0x150b95f0 .event edge, v0x150b5be0_0, v0x150b8860_0, v0x150b5770_0;
S_0x150b91b0 .scope module, "s2" "sel" 3 44, 4 1, S_0x150753a0;
 .timescale 0 0;
v0x150b92a0_0 .alias "in0", 17 0, v0x150b99e0_0;
v0x150b9320_0 .alias "in1", 17 0, v0x150b9db0_0;
v0x150b93a0_0 .var "out", 17 0;
v0x150b9420_0 .alias "sel", 0 0, v0x150ba8c0_0;
E_0x150b8fa0 .event edge, v0x150b5c80_0, v0x150b7bb0_0, v0x150b6e50_0;
S_0x150b8440 .scope module, "r0" "register" 3 47, 5 1, S_0x150753a0;
 .timescale 0 0;
L_0x150bb140 .functor BUFZ 18, L_0x150bb0a0, C4<000000000000000000>, C4<000000000000000000>, C4<000000000000000000>;
L_0x150bb290 .functor BUFZ 18, L_0x150bb1f0, C4<000000000000000000>, C4<000000000000000000>, C4<000000000000000000>;
v0x150b8530_0 .net *"_s0", 17 0, L_0x150bb0a0; 1 drivers
v0x150b85b0_0 .net *"_s4", 17 0, L_0x150bb1f0; 1 drivers
v0x150b8630_0 .alias "clk", 0 0, v0x150b9ae0_0;
v0x150b8b80_1 .array/port v0x150b8b80, 1;
v0x150b86b0_0 .net "cnt", 17 0, v0x150b8b80_1; 1 drivers
v0x150b8760_0 .net "comp", 0 0, C4<z>; 0 drivers
v0x150b87e0_0 .alias "data", 17 0, v0x150ba940_0;
v0x150b8860_0 .alias "data0", 17 0, v0x150ba310_0;
v0x150b8900_0 .alias "data1", 17 0, v0x150ba410_0;
v0x150b8980_0 .alias "dst", 3 0, v0x150b9c60_0;
v0x150b8a00_0 .net "ord", 0 0, L_0x150bb3e0; 1 drivers
v0x150b8ae0_0 .net "org", 17 0, C4<zzzzzzzzzzzzzzzzzz>; 0 drivers
v0x150b8b80 .array "regis", 0 15, 17 0;
v0x150b8ea0_0 .alias "rst_n", 0 0, v0x150ba5a0_0;
v0x150b8f20_0 .alias "src0", 3 0, v0x150baa80_0;
v0x150b9020_0 .alias "src1", 3 0, v0x150bab00_0;
v0x150b90a0_0 .alias "we", 0 0, v0x150ba490_0;
L_0x150bb0a0 .array/port v0x150b8b80, v0x150b5d80_0;
L_0x150bb1f0 .array/port v0x150b8b80, v0x150b5e20_0;
v0x150b8b80_2 .array/port v0x150b8b80, 2;
L_0x150bb3e0 .part v0x150b8b80_2, 0, 1;
S_0x150b7f80 .scope module, "a0" "alu" 3 50, 6 1, S_0x150753a0;
 .timescale 0 0;
v0x150b8090_0 .alias "in0", 17 0, v0x150ba790_0;
v0x150b8150_0 .alias "in1", 17 0, v0x150ba410_0;
v0x150b8200_0 .alias "op", 3 0, v0x150b9910_0;
v0x150b82b0_0 .var "out", 17 0;
v0x150b8390_0 .var "zf", 0 0;
E_0x150b7d60 .event edge, v0x150b56b0_0, v0x150b6bf0_0;
S_0x150b6980 .scope module, "mem0" "memory" 3 53, 7 1, S_0x150753a0;
 .timescale 0 0;
v0x150b6a70_0 .net *"_s0", 3 0, L_0x150bb480; 1 drivers
v0x150b6af0_0 .net *"_s3", 3 0, L_0x150bb520; 1 drivers
v0x150b6b70_0 .net *"_s7", 13 0, C4<00000000000000>; 1 drivers
v0x150b6bf0_0 .alias "addr", 17 0, v0x150ba410_0;
v0x150b6ca0_0 .alias "clk", 0 0, v0x150b9ae0_0;
v0x150b6db0_0 .var/i "i", 31 0;
v0x150b6e50_0 .alias "in", 17 0, v0x150b99e0_0;
v0x150b6ef0 .array "mem", 0 15, 3 0;
v0x150b6ef0_0 .array/port v0x150b6ef0, 0;
v0x150b7200_0 .net "mem0", 3 0, v0x150b6ef0_0; 1 drivers
v0x150b6ef0_1 .array/port v0x150b6ef0, 1;
v0x150b72a0_0 .net "mem1", 3 0, v0x150b6ef0_1; 1 drivers
v0x150b6ef0_10 .array/port v0x150b6ef0, 10;
v0x150b73a0_0 .net "mem10", 3 0, v0x150b6ef0_10; 1 drivers
v0x150b6ef0_11 .array/port v0x150b6ef0, 11;
v0x150b7440_0 .net "mem11", 3 0, v0x150b6ef0_11; 1 drivers
v0x150b6ef0_12 .array/port v0x150b6ef0, 12;
v0x150b7530_0 .net "mem12", 3 0, v0x150b6ef0_12; 1 drivers
v0x150b6ef0_13 .array/port v0x150b6ef0, 13;
v0x150b75b0_0 .net "mem13", 3 0, v0x150b6ef0_13; 1 drivers
v0x150b6ef0_14 .array/port v0x150b6ef0, 14;
v0x150b76b0_0 .net "mem14", 3 0, v0x150b6ef0_14; 1 drivers
v0x150b6ef0_15 .array/port v0x150b6ef0, 15;
v0x150b7730_0 .net "mem15", 3 0, v0x150b6ef0_15; 1 drivers
v0x150b6ef0_2 .array/port v0x150b6ef0, 2;
v0x150b7630_0 .net "mem2", 3 0, v0x150b6ef0_2; 1 drivers
v0x150b6ef0_3 .array/port v0x150b6ef0, 3;
v0x150b7840_0 .net "mem3", 3 0, v0x150b6ef0_3; 1 drivers
v0x150b6ef0_4 .array/port v0x150b6ef0, 4;
v0x150b7960_0 .net "mem4", 3 0, v0x150b6ef0_4; 1 drivers
v0x150b6ef0_5 .array/port v0x150b6ef0, 5;
v0x150b79e0_0 .net "mem5", 3 0, v0x150b6ef0_5; 1 drivers
v0x150b6ef0_6 .array/port v0x150b6ef0, 6;
v0x150b78c0_0 .net "mem6", 3 0, v0x150b6ef0_6; 1 drivers
v0x150b6ef0_7 .array/port v0x150b6ef0, 7;
v0x150b7b10_0 .net "mem7", 3 0, v0x150b6ef0_7; 1 drivers
v0x150b6ef0_8 .array/port v0x150b6ef0, 8;
v0x150b7a60_0 .net "mem8", 3 0, v0x150b6ef0_8; 1 drivers
v0x150b6ef0_9 .array/port v0x150b6ef0, 9;
v0x150b7c50_0 .net "mem9", 3 0, v0x150b6ef0_9; 1 drivers
v0x150b7bb0_0 .alias "out", 17 0, v0x150b9db0_0;
v0x150b7da0_0 .alias "rst_n", 0 0, v0x150ba5a0_0;
v0x150b7f00_0 .alias "we", 0 0, v0x150b9ed0_0;
L_0x150bb480 .array/port v0x150b6ef0, L_0x150bb520;
L_0x150bb520 .part L_0x150bb290, 0, 4;
L_0x150bb610 .concat [ 4 14 0 0], L_0x150bb480, C4<00000000000000>;
S_0x150b6530 .scope module, "pc0" "pc" 3 56, 8 1, S_0x150753a0;
 .timescale 0 0;
v0x150b6620_0 .alias "clk", 0 0, v0x150b9ae0_0;
v0x150b66c0_0 .alias "pc_in", 3 0, v0x150ba080_0;
v0x150b6770_0 .var "pc_out", 3 0;
v0x150b6820_0 .alias "rst_n", 0 0, v0x150ba5a0_0;
v0x150b68d0_0 .alias "we", 0 0, v0x150ba240_0;
S_0x150b62f0 .scope module, "imem0" "imem" 3 59, 9 1, S_0x150753a0;
 .timescale 0 0;
v0x150b63e0_0 .var "op", 31 0;
v0x150b64b0_0 .alias "pc_out", 3 0, v0x150ba150_0;
E_0x150b5930 .event edge, v0x150b64b0_0;
S_0x150b5f90 .scope module, "zf0" "zf" 3 62, 10 1, S_0x150753a0;
 .timescale 0 0;
v0x150b6080_0 .alias "clk", 0 0, v0x150b9ae0_0;
v0x150b6100_0 .alias "rst_n", 0 0, v0x150ba5a0_0;
v0x150b61d0_0 .alias "zf_in", 0 0, v0x150bac50_0;
v0x150b6270_0 .var "zf_out", 0 0;
S_0x150b55a0 .scope module, "dec1" "decoder" 3 65, 11 1, S_0x150753a0;
 .timescale 0 0;
v0x150b56b0_0 .var "alu_op", 3 0;
v0x150b5770_0 .var "data", 17 0;
v0x150b5810_0 .var "dst", 3 0;
v0x150b58b0_0 .var "mem_we", 0 0;
v0x150b5960_0 .alias "op", 31 0, v0x150b9fa0_0;
v0x150b5a00_0 .var "pc_in", 3 0;
v0x150b5aa0_0 .var "pc_we", 0 0;
v0x150b5b40_0 .var "reg_we", 0 0;
v0x150b5be0_0 .var "sel1", 0 0;
v0x150b5c80_0 .var "sel2", 0 0;
v0x150b5d80_0 .var "src0", 3 0;
v0x150b5e20_0 .var "src1", 3 0;
v0x150b5f10_0 .alias "zf", 0 0, v0x150bacd0_0;
E_0x150b53b0 .event edge, v0x150b5960_0;
S_0x150b3da0 .scope module, "io0" "io" 3 68, 12 1, S_0x150753a0;
 .timescale 0 0;
P_0x150b3e98 .param/l "HIDARI" 12 35, C4<0000000000000000000000000000>;
P_0x150b3ec0 .param/l "MIGI" 12 36, C4<0000000000000000000000000000>;
P_0x150b3ee8 .param/l "SEG_0" 12 21, C4<000011000000>;
P_0x150b3f10 .param/l "SEG_1" 12 22, C4<000011111001>;
P_0x150b3f38 .param/l "SEG_2" 12 23, C4<000010100100>;
P_0x150b3f60 .param/l "SEG_3" 12 24, C4<000010110000>;
P_0x150b3f88 .param/l "SEG_4" 12 25, C4<000010011001>;
P_0x150b3fb0 .param/l "SEG_5" 12 26, C4<000010010010>;
P_0x150b3fd8 .param/l "SEG_6" 12 27, C4<000010000010>;
P_0x150b4000 .param/l "SEG_7" 12 28, C4<000011011000>;
P_0x150b4028 .param/l "SEG_8" 12 29, C4<000010000000>;
P_0x150b4050 .param/l "SEG_9" 12 30, C4<000010010000>;
P_0x150b4078 .param/l "SEG_D" 12 14, C4<000010100001>;
P_0x150b40a0 .param/l "SEG_E" 12 17, C4<000010000110>;
P_0x150b40c8 .param/l "SEG_I" 12 19, C4<000011111001>;
P_0x150b40f0 .param/l "SEG_L" 12 16, C4<000011000111>;
P_0x150b4118 .param/l "SEG_O" 12 15, C4<000010100011>;
P_0x150b4140 .param/l "SEG_P" 12 13, C4<000010001100>;
P_0x150b4168 .param/l "SEG_R" 12 18, C4<000010001000>;
P_0x150b4190 .param/l "SEG_S" 12 20, C4<000010010010>;
P_0x150b41b8 .param/l "SEG_U" 12 12, C4<000011000001>;
P_0x150b41e0 .param/l "SHITA" 12 34, C4<0000000000000000000000000000>;
P_0x150b4208 .param/l "UE" 12 33, C4<0000000000000000000000000000>;
v0x150b4c50_0 .alias "btn", 4 0, v0x150b9a60_0;
v0x150b4d10_0 .var "btn_flag", 4 0;
v0x150b4db0 .array "buff", 0 3, 11 0;
v0x150b4ee0_0 .alias "clk", 0 0, v0x150b9ae0_0;
v0x150b4fc0_0 .net "cnt", 17 0, C4<zzzzzzzzzzzzzzzzzz>; 0 drivers
v0x150b5040_0 .net "comp", 0 0, C4<z>; 0 drivers
v0x150b5100_0 .var "count", 11 0;
v0x150b51a0_0 .var "digit", 1 0;
v0x150b5290_0 .var "num", 4 0;
v0x150b5330_0 .net "ord", 17 0, C4<zzzzzzzzzzzzzzzzzz>; 0 drivers
v0x150b5430_0 .alias "rst_n", 0 0, v0x150ba5a0_0;
v0x150b54b0_0 .var "seg", 11 0;
E_0x150b4b40 .event edge, v0x150b5040_0, v0x150b5290_0;
E_0x150b4bb0 .event edge, v0x150b5040_0, v0x150b5330_0, v0x150b5290_0;
E_0x150b4c00 .event posedge, v0x150b3b10_0;
S_0x15074e10 .scope module, "div0" "divider" 3 71, 13 1, S_0x150753a0;
 .timescale 0 0;
L_0x150bc200 .functor NOT 1, L_0x150bc160, C4<0>, C4<0>, C4<0>;
v0x1503e3a0_0 .net *"_s1", 0 0, L_0x150bc160; 1 drivers
v0x150b3b10_0 .alias "clk", 0 0, v0x150b9ae0_0;
v0x150b3bb0_0 .var "cnt", 1 0;
v0x150b3c50_0 .alias "mclk", 0 0, v0x150b9d30_0;
v0x150b3d00_0 .alias "rst_n", 0 0, v0x150ba5a0_0;
E_0x15076140 .event posedge, v0x150b3c50_0;
L_0x150bc160 .part v0x150b3bb0_0, 1, 1;
    .scope S_0x150b9500;
T_0 ;
    %wait E_0x150b95f0;
    %load/v 8, v0x150b9830_0, 1;
    %jmp/0xz  T_0.0, 8;
    %load/v 8, v0x150b96d0_0, 18;
    %set/v v0x150b9780_0, 8, 18;
    %jmp T_0.1;
T_0.0 ;
    %load/v 8, v0x150b9620_0, 18;
    %set/v v0x150b9780_0, 8, 18;
T_0.1 ;
    %jmp T_0;
    .thread T_0, $push;
    .scope S_0x150b91b0;
T_1 ;
    %wait E_0x150b8fa0;
    %load/v 8, v0x150b9420_0, 1;
    %jmp/0xz  T_1.0, 8;
    %load/v 8, v0x150b9320_0, 18;
    %set/v v0x150b93a0_0, 8, 18;
    %jmp T_1.1;
T_1.0 ;
    %load/v 8, v0x150b92a0_0, 18;
    %set/v v0x150b93a0_0, 8, 18;
T_1.1 ;
    %jmp T_1;
    .thread T_1, $push;
    .scope S_0x150b8440;
T_2 ;
    %wait E_0x150b4c00;
    %load/v 8, v0x150b8ea0_0, 1;
    %inv 8, 1;
    %jmp/0xz  T_2.0, 8;
    %movi 8, 42792, 18;
    %ix/load 3, 0, 0; address
    %ix/load 0, 18, 0; word width
    %ix/load 1, 0, 0; part off
    %assign/av v0x150b8b80, 0, 8;
t_0 ;
    %ix/load 3, 1, 0; address
    %ix/load 0, 18, 0; word width
    %ix/load 1, 0, 0; part off
    %assign/av v0x150b8b80, 0, 0;
t_1 ;
    %ix/load 3, 2, 0; address
    %ix/load 0, 18, 0; word width
    %ix/load 1, 0, 0; part off
    %assign/av v0x150b8b80, 0, 0;
t_2 ;
    %ix/load 3, 3, 0; address
    %ix/load 0, 18, 0; word width
    %ix/load 1, 0, 0; part off
    %assign/av v0x150b8b80, 0, 0;
t_3 ;
    %ix/load 3, 4, 0; address
    %ix/load 0, 18, 0; word width
    %ix/load 1, 0, 0; part off
    %assign/av v0x150b8b80, 0, 0;
t_4 ;
    %ix/load 3, 5, 0; address
    %ix/load 0, 18, 0; word width
    %ix/load 1, 0, 0; part off
    %assign/av v0x150b8b80, 0, 0;
t_5 ;
    %ix/load 3, 6, 0; address
    %ix/load 0, 18, 0; word width
    %ix/load 1, 0, 0; part off
    %assign/av v0x150b8b80, 0, 0;
t_6 ;
    %ix/load 3, 7, 0; address
    %ix/load 0, 18, 0; word width
    %ix/load 1, 0, 0; part off
    %assign/av v0x150b8b80, 0, 0;
t_7 ;
    %ix/load 3, 8, 0; address
    %ix/load 0, 18, 0; word width
    %ix/load 1, 0, 0; part off
    %assign/av v0x150b8b80, 0, 0;
t_8 ;
    %ix/load 3, 9, 0; address
    %ix/load 0, 18, 0; word width
    %ix/load 1, 0, 0; part off
    %assign/av v0x150b8b80, 0, 0;
t_9 ;
    %ix/load 3, 10, 0; address
    %ix/load 0, 18, 0; word width
    %ix/load 1, 0, 0; part off
    %assign/av v0x150b8b80, 0, 0;
t_10 ;
    %ix/load 3, 11, 0; address
    %ix/load 0, 18, 0; word width
    %ix/load 1, 0, 0; part off
    %assign/av v0x150b8b80, 0, 0;
t_11 ;
    %ix/load 3, 12, 0; address
    %ix/load 0, 18, 0; word width
    %ix/load 1, 0, 0; part off
    %assign/av v0x150b8b80, 0, 0;
t_12 ;
    %ix/load 3, 13, 0; address
    %ix/load 0, 18, 0; word width
    %ix/load 1, 0, 0; part off
    %assign/av v0x150b8b80, 0, 0;
t_13 ;
    %ix/load 3, 14, 0; address
    %ix/load 0, 18, 0; word width
    %ix/load 1, 0, 0; part off
    %assign/av v0x150b8b80, 0, 0;
t_14 ;
    %ix/load 3, 15, 0; address
    %ix/load 0, 18, 0; word width
    %ix/load 1, 0, 0; part off
    %assign/av v0x150b8b80, 0, 0;
t_15 ;
    %jmp T_2.1;
T_2.0 ;
    %load/v 8, v0x150b90a0_0, 1;
    %jmp/0xz  T_2.2, 8;
    %load/v 8, v0x150b87e0_0, 18;
    %ix/getv 3, v0x150b8980_0;
    %jmp/1 t_16, 4;
    %ix/load 0, 18, 0; word width
    %ix/load 1, 0, 0; part off
    %assign/av v0x150b8b80, 0, 8;
t_16 ;
    %jmp T_2.3;
T_2.2 ;
    %ix/getv 3, v0x150b8980_0;
    %load/av 8, v0x150b8b80, 18;
    %ix/getv 3, v0x150b8980_0;
    %jmp/1 t_17, 4;
    %ix/load 0, 18, 0; word width
    %ix/load 1, 0, 0; part off
    %assign/av v0x150b8b80, 0, 8;
t_17 ;
T_2.3 ;
T_2.1 ;
    %jmp T_2;
    .thread T_2;
    .scope S_0x150b7f80;
T_3 ;
    %wait E_0x150b7d60;
    %load/v 8, v0x150b8200_0, 4;
    %cmpi/u 8, 0, 4;
    %jmp/1 T_3.0, 6;
    %cmpi/u 8, 1, 4;
    %jmp/1 T_3.1, 6;
    %ix/load 0, 18, 0;
    %assign/v0 v0x150b82b0_0, 0, 0;
    %ix/load 0, 1, 0;
    %assign/v0 v0x150b8390_0, 0, 0;
    %jmp T_3.3;
T_3.0 ;
    %load/v 8, v0x150b8150_0, 18;
    %cmpi/u 8, 43352, 18;
    %jmp/0xz  T_3.4, 4;
    %movi 8, 252063, 18;
    %ix/load 0, 18, 0;
    %assign/v0 v0x150b82b0_0, 0, 8;
    %jmp T_3.5;
T_3.4 ;
    %load/v 8, v0x150b8150_0, 18;
    %cmpi/u 8, 43352, 18;
    %jmp/0xz  T_3.6, 4;
    %movi 8, 225951, 18;
    %ix/load 0, 18, 0;
    %assign/v0 v0x150b82b0_0, 0, 8;
    %jmp T_3.7;
T_3.6 ;
    %load/v 8, v0x150b8150_0, 18;
    %cmpi/u 8, 46432, 18;
    %jmp/0xz  T_3.8, 4;
    %movi 8, 252063, 18;
    %ix/load 0, 18, 0;
    %assign/v0 v0x150b82b0_0, 0, 8;
    %jmp T_3.9;
T_3.8 ;
    %load/v 8, v0x150b8150_0, 18;
    %cmpi/u 8, 47272, 18;
    %jmp/0xz  T_3.10, 4;
    %movi 8, 207309, 18;
    %ix/load 0, 18, 0;
    %assign/v0 v0x150b82b0_0, 0, 8;
    %jmp T_3.11;
T_3.10 ;
    %load/v 8, v0x150b8150_0, 18;
    %cmpi/u 8, 47888, 18;
    %jmp/0xz  T_3.12, 4;
    %movi 8, 39, 18;
    %ix/load 0, 18, 0;
    %assign/v0 v0x150b82b0_0, 0, 8;
    %jmp T_3.13;
T_3.12 ;
    %load/v 8, v0x150b8150_0, 18;
    %cmpi/u 8, 50408, 18;
    %jmp/0xz  T_3.14, 4;
    %movi 8, 100813, 18;
    %ix/load 0, 18, 0;
    %assign/v0 v0x150b82b0_0, 0, 8;
    %jmp T_3.15;
T_3.14 ;
    %load/v 8, v0x150b8150_0, 18;
    %cmpi/u 8, 51024, 18;
    %jmp/0xz  T_3.16, 4;
    %movi 8, 252063, 18;
    %ix/load 0, 18, 0;
    %assign/v0 v0x150b82b0_0, 0, 8;
    %jmp T_3.17;
T_3.16 ;
    %load/v 8, v0x150b8150_0, 18;
    %cmpi/u 8, 51864, 18;
    %jmp/0xz  T_3.18, 4;
    %movi 8, 40743, 18;
    %ix/load 0, 18, 0;
    %assign/v0 v0x150b82b0_0, 0, 8;
    %jmp T_3.19;
T_3.18 ;
    %load/v 8, v0x150b8150_0, 18;
    %cmpi/u 8, 54552, 18;
    %jmp/0xz  T_3.20, 4;
    %movi 8, 141, 18;
    %ix/load 0, 18, 0;
    %assign/v0 v0x150b82b0_0, 0, 8;
    %jmp T_3.21;
T_3.20 ;
    %load/v 8, v0x150b8150_0, 18;
    %cmpi/u 8, 54944, 18;
    %jmp/0xz  T_3.22, 4;
    %movi 8, 207309, 18;
    %ix/load 0, 18, 0;
    %assign/v0 v0x150b82b0_0, 0, 8;
    %jmp T_3.23;
T_3.22 ;
    %load/v 8, v0x150b8150_0, 18;
    %cmpi/u 8, 55504, 18;
    %jmp/0xz  T_3.24, 4;
    %movi 8, 225951, 18;
    %ix/load 0, 18, 0;
    %assign/v0 v0x150b82b0_0, 0, 8;
    %jmp T_3.25;
T_3.24 ;
    %load/v 8, v0x150b8150_0, 18;
    %movi 26, 71520, 18;
    %cmp/u 8, 26, 18;
    %jmp/0xz  T_3.26, 4;
    %movi 8, 252471, 18;
    %ix/load 0, 18, 0;
    %assign/v0 v0x150b82b0_0, 0, 8;
    %jmp T_3.27;
T_3.26 ;
    %load/v 8, v0x150b8150_0, 18;
    %movi 26, 71912, 18;
    %cmp/u 8, 26, 18;
    %jmp/0xz  T_3.28, 4;
    %movi 8, 206391, 18;
    %ix/load 0, 18, 0;
    %assign/v0 v0x150b82b0_0, 0, 8;
    %jmp T_3.29;
T_3.28 ;
    %load/v 8, v0x150b8150_0, 18;
    %movi 26, 72472, 18;
    %cmp/u 8, 26, 18;
    %jmp/0xz  T_3.30, 4;
    %movi 8, 206397, 18;
    %ix/load 0, 18, 0;
    %assign/v0 v0x150b82b0_0, 0, 8;
    %jmp T_3.31;
T_3.30 ;
    %load/v 8, v0x150b8150_0, 18;
    %movi 26, 78632, 18;
    %cmp/u 8, 26, 18;
    %jmp/0xz  T_3.32, 4;
    %movi 8, 206397, 18;
    %ix/load 0, 18, 0;
    %assign/v0 v0x150b82b0_0, 0, 8;
    %jmp T_3.33;
T_3.32 ;
    %load/v 8, v0x150b8150_0, 18;
    %movi 26, 80200, 18;
    %cmp/u 8, 26, 18;
    %jmp/0xz  T_3.34, 4;
    %movi 8, 207309, 18;
    %ix/load 0, 18, 0;
    %assign/v0 v0x150b82b0_0, 0, 8;
    %jmp T_3.35;
T_3.34 ;
    %load/v 8, v0x150b8150_0, 18;
    %movi 26, 80480, 18;
    %cmp/u 8, 26, 18;
    %jmp/0xz  T_3.36, 4;
    %movi 8, 671, 18;
    %ix/load 0, 18, 0;
    %assign/v0 v0x150b82b0_0, 0, 8;
    %jmp T_3.37;
T_3.36 ;
    %load/v 8, v0x150b8150_0, 18;
    %movi 26, 82776, 18;
    %cmp/u 8, 26, 18;
    %jmp/0xz  T_3.38, 4;
    %movi 8, 252471, 18;
    %ix/load 0, 18, 0;
    %assign/v0 v0x150b82b0_0, 0, 8;
    %jmp T_3.39;
T_3.38 ;
    %load/v 8, v0x150b8150_0, 18;
    %movi 26, 83560, 18;
    %cmp/u 8, 26, 18;
    %jmp/0xz  T_3.40, 4;
    %movi 8, 2207, 18;
    %ix/load 0, 18, 0;
    %assign/v0 v0x150b82b0_0, 0, 8;
    %jmp T_3.41;
T_3.40 ;
    %load/v 8, v0x150b8150_0, 18;
    %movi 26, 84680, 18;
    %cmp/u 8, 26, 18;
    %jmp/0xz  T_3.42, 4;
    %movi 8, 206391, 18;
    %ix/load 0, 18, 0;
    %assign/v0 v0x150b82b0_0, 0, 8;
    %jmp T_3.43;
T_3.42 ;
    %load/v 8, v0x150b8150_0, 18;
    %movi 26, 86752, 18;
    %cmp/u 8, 26, 18;
    %jmp/0xz  T_3.44, 4;
    %movi 8, 206391, 18;
    %ix/load 0, 18, 0;
    %assign/v0 v0x150b82b0_0, 0, 8;
    %jmp T_3.45;
T_3.44 ;
    %load/v 8, v0x150b8150_0, 18;
    %movi 26, 87816, 18;
    %cmp/u 8, 26, 18;
    %jmp/0xz  T_3.46, 4;
    %movi 8, 206397, 18;
    %ix/load 0, 18, 0;
    %assign/v0 v0x150b82b0_0, 0, 8;
    %jmp T_3.47;
T_3.46 ;
    %load/v 8, v0x150b8150_0, 18;
    %movi 26, 88152, 18;
    %cmp/u 8, 26, 18;
    %jmp/0xz  T_3.48, 4;
    %movi 8, 160415, 18;
    %ix/load 0, 18, 0;
    %assign/v0 v0x150b82b0_0, 0, 8;
    %jmp T_3.49;
T_3.48 ;
    %load/v 8, v0x150b8150_0, 18;
    %movi 26, 103720, 18;
    %cmp/u 8, 26, 18;
    %jmp/0xz  T_3.50, 4;
    %movi 8, 55869, 18;
    %ix/load 0, 18, 0;
    %assign/v0 v0x150b82b0_0, 0, 8;
    %jmp T_3.51;
T_3.50 ;
    %load/v 8, v0x150b8150_0, 18;
    %movi 26, 104784, 18;
    %cmp/u 8, 26, 18;
    %jmp/0xz  T_3.52, 4;
    %movi 8, 100813, 18;
    %ix/load 0, 18, 0;
    %assign/v0 v0x150b82b0_0, 0, 8;
    %jmp T_3.53;
T_3.52 ;
    %load/v 8, v0x150b8150_0, 18;
    %movi 26, 105120, 18;
    %cmp/u 8, 26, 18;
    %jmp/0xz  T_3.54, 4;
    %movi 8, 127647, 18;
    %ix/load 0, 18, 0;
    %assign/v0 v0x150b82b0_0, 0, 8;
    %jmp T_3.55;
T_3.54 ;
    %load/v 8, v0x150b8150_0, 18;
    %movi 26, 107360, 18;
    %cmp/u 8, 26, 18;
    %jmp/0xz  T_3.56, 4;
    %movi 8, 100813, 18;
    %ix/load 0, 18, 0;
    %assign/v0 v0x150b82b0_0, 0, 8;
    %jmp T_3.57;
T_3.56 ;
    %load/v 8, v0x150b8150_0, 18;
    %movi 26, 108648, 18;
    %cmp/u 8, 26, 18;
    %jmp/0xz  T_3.58, 4;
    %movi 8, 171815, 18;
    %ix/load 0, 18, 0;
    %assign/v0 v0x150b82b0_0, 0, 8;
    %jmp T_3.59;
T_3.58 ;
    %load/v 8, v0x150b8150_0, 18;
    %movi 26, 109320, 18;
    %cmp/u 8, 26, 18;
    %jmp/0xz  T_3.60, 4;
    %movi 8, 206391, 18;
    %ix/load 0, 18, 0;
    %assign/v0 v0x150b82b0_0, 0, 8;
    %jmp T_3.61;
T_3.60 ;
    %load/v 8, v0x150b8150_0, 18;
    %movi 26, 115368, 18;
    %cmp/u 8, 26, 18;
    %jmp/0xz  T_3.62, 4;
    %movi 8, 127647, 18;
    %ix/load 0, 18, 0;
    %assign/v0 v0x150b82b0_0, 0, 8;
    %jmp T_3.63;
T_3.62 ;
    %load/v 8, v0x150b8150_0, 18;
    %movi 26, 116040, 18;
    %cmp/u 8, 26, 18;
    %jmp/0xz  T_3.64, 4;
    %movi 8, 100813, 18;
    %ix/load 0, 18, 0;
    %assign/v0 v0x150b82b0_0, 0, 8;
    %jmp T_3.65;
T_3.64 ;
    %load/v 8, v0x150b8150_0, 18;
    %movi 26, 117328, 18;
    %cmp/u 8, 26, 18;
    %jmp/0xz  T_3.66, 4;
    %movi 8, 40743, 18;
    %ix/load 0, 18, 0;
    %assign/v0 v0x150b82b0_0, 0, 8;
    %jmp T_3.67;
T_3.66 ;
    %load/v 8, v0x150b8150_0, 18;
    %movi 26, 119568, 18;
    %cmp/u 8, 26, 18;
    %jmp/0xz  T_3.68, 4;
    %movi 8, 206391, 18;
    %ix/load 0, 18, 0;
    %assign/v0 v0x150b82b0_0, 0, 8;
    %jmp T_3.69;
T_3.68 ;
    %load/v 8, v0x150b8150_0, 18;
    %movi 26, 119904, 18;
    %cmp/u 8, 26, 18;
    %jmp/0xz  T_3.70, 4;
    %movi 8, 171815, 18;
    %ix/load 0, 18, 0;
    %assign/v0 v0x150b82b0_0, 0, 8;
    %jmp T_3.71;
T_3.70 ;
    %load/v 8, v0x150b8150_0, 18;
    %movi 26, 120968, 18;
    %cmp/u 8, 26, 18;
    %jmp/0xz  T_3.72, 4;
    %movi 8, 127647, 18;
    %ix/load 0, 18, 0;
    %assign/v0 v0x150b82b0_0, 0, 8;
    %jmp T_3.73;
T_3.72 ;
    %load/v 8, v0x150b8150_0, 18;
    %movi 26, 136536, 18;
    %cmp/u 8, 26, 18;
    %jmp/0xz  T_3.74, 4;
    %movi 8, 2621, 18;
    %ix/load 0, 18, 0;
    %assign/v0 v0x150b82b0_0, 0, 8;
    %jmp T_3.75;
T_3.74 ;
    %load/v 8, v0x150b8150_0, 18;
    %movi 26, 136872, 18;
    %cmp/u 8, 26, 18;
    %jmp/0xz  T_3.76, 4;
    %movi 8, 2615, 18;
    %ix/load 0, 18, 0;
    %assign/v0 v0x150b82b0_0, 0, 8;
    %jmp T_3.77;
T_3.76 ;
    %load/v 8, v0x150b8150_0, 18;
    %movi 26, 137936, 18;
    %cmp/u 8, 26, 18;
    %jmp/0xz  T_3.78, 4;
    %movi 8, 145191, 18;
    %ix/load 0, 18, 0;
    %assign/v0 v0x150b82b0_0, 0, 8;
    %jmp T_3.79;
T_3.78 ;
    %load/v 8, v0x150b8150_0, 18;
    %movi 26, 140008, 18;
    %cmp/u 8, 26, 18;
    %jmp/0xz  T_3.80, 4;
    %movi 8, 145191, 18;
    %ix/load 0, 18, 0;
    %assign/v0 v0x150b82b0_0, 0, 8;
    %jmp T_3.81;
T_3.80 ;
    %load/v 8, v0x150b8150_0, 18;
    %movi 26, 141128, 18;
    %cmp/u 8, 26, 18;
    %jmp/0xz  T_3.82, 4;
    %movi 8, 9789, 18;
    %ix/load 0, 18, 0;
    %assign/v0 v0x150b82b0_0, 0, 8;
    %jmp T_3.83;
T_3.82 ;
    %load/v 8, v0x150b8150_0, 18;
    %movi 26, 141912, 18;
    %cmp/u 8, 26, 18;
    %jmp/0xz  T_3.84, 4;
    %movi 8, 225951, 18;
    %ix/load 0, 18, 0;
    %assign/v0 v0x150b82b0_0, 0, 8;
    %jmp T_3.85;
T_3.84 ;
    %load/v 8, v0x150b8150_0, 18;
    %movi 26, 144208, 18;
    %cmp/u 8, 26, 18;
    %jmp/0xz  T_3.86, 4;
    %movi 8, 55869, 18;
    %ix/load 0, 18, 0;
    %assign/v0 v0x150b82b0_0, 0, 8;
    %jmp T_3.87;
T_3.86 ;
    %load/v 8, v0x150b8150_0, 18;
    %movi 26, 144488, 18;
    %cmp/u 8, 26, 18;
    %jmp/0xz  T_3.88, 4;
    %movi 8, 252063, 18;
    %ix/load 0, 18, 0;
    %assign/v0 v0x150b82b0_0, 0, 8;
    %jmp T_3.89;
T_3.88 ;
    %load/v 8, v0x150b8150_0, 18;
    %movi 26, 146056, 18;
    %cmp/u 8, 26, 18;
    %jmp/0xz  T_3.90, 4;
    %movi 8, 9783, 18;
    %ix/load 0, 18, 0;
    %assign/v0 v0x150b82b0_0, 0, 8;
    %jmp T_3.91;
T_3.90 ;
    %load/v 8, v0x150b8150_0, 18;
    %movi 26, 152216, 18;
    %cmp/u 8, 26, 18;
    %jmp/0xz  T_3.92, 4;
    %movi 8, 55863, 18;
    %ix/load 0, 18, 0;
    %assign/v0 v0x150b82b0_0, 0, 8;
    %jmp T_3.93;
T_3.92 ;
    %load/v 8, v0x150b8150_0, 18;
    %movi 26, 152776, 18;
    %cmp/u 8, 26, 18;
    %jmp/0xz  T_3.94, 4;
    %movi 8, 145191, 18;
    %ix/load 0, 18, 0;
    %assign/v0 v0x150b82b0_0, 0, 8;
    %jmp T_3.95;
T_3.94 ;
    %load/v 8, v0x150b8150_0, 18;
    %movi 26, 153168, 18;
    %cmp/u 8, 26, 18;
    %jmp/0xz  T_3.96, 4;
    %movi 8, 252063, 18;
    %ix/load 0, 18, 0;
    %assign/v0 v0x150b82b0_0, 0, 8;
    %jmp T_3.97;
T_3.96 ;
    %load/v 8, v0x150b8150_0, 18;
    %movi 26, 169184, 18;
    %cmp/u 8, 26, 18;
    %jmp/0xz  T_3.98, 4;
    %movi 8, 252477, 18;
    %ix/load 0, 18, 0;
    %assign/v0 v0x150b82b0_0, 0, 8;
    %jmp T_3.99;
T_3.98 ;
    %load/v 8, v0x150b8150_0, 18;
    %movi 26, 169744, 18;
    %cmp/u 8, 26, 18;
    %jmp/0xz  T_3.100, 4;
    %movi 8, 55863, 18;
    %ix/load 0, 18, 0;
    %assign/v0 v0x150b82b0_0, 0, 8;
    %jmp T_3.101;
T_3.100 ;
    %load/v 8, v0x150b8150_0, 18;
    %movi 26, 170136, 18;
    %cmp/u 8, 26, 18;
    %jmp/0xz  T_3.102, 4;
    %movi 8, 55455, 18;
    %ix/load 0, 18, 0;
    %assign/v0 v0x150b82b0_0, 0, 8;
    %jmp T_3.103;
T_3.102 ;
    %load/v 8, v0x150b8150_0, 18;
    %movi 26, 172824, 18;
    %cmp/u 8, 26, 18;
    %jmp/0xz  T_3.104, 4;
    %movi 8, 55863, 18;
    %ix/load 0, 18, 0;
    %assign/v0 v0x150b82b0_0, 0, 8;
    %jmp T_3.105;
T_3.104 ;
    %load/v 8, v0x150b8150_0, 18;
    %movi 26, 173664, 18;
    %cmp/u 8, 26, 18;
    %jmp/0xz  T_3.106, 4;
    %movi 8, 10701, 18;
    %ix/load 0, 18, 0;
    %assign/v0 v0x150b82b0_0, 0, 8;
    %jmp T_3.107;
T_3.106 ;
    %load/v 8, v0x150b8150_0, 18;
    %movi 26, 174280, 18;
    %cmp/u 8, 26, 18;
    %jmp/0xz  T_3.108, 4;
    %movi 8, 171815, 18;
    %ix/load 0, 18, 0;
    %assign/v0 v0x150b82b0_0, 0, 8;
    %jmp T_3.109;
T_3.108 ;
    %load/v 8, v0x150b8150_0, 18;
    %movi 26, 176800, 18;
    %cmp/u 8, 26, 18;
    %jmp/0xz  T_3.110, 4;
    %movi 8, 206397, 18;
    %ix/load 0, 18, 0;
    %assign/v0 v0x150b82b0_0, 0, 8;
    %jmp T_3.111;
T_3.110 ;
    %load/v 8, v0x150b8150_0, 18;
    %movi 26, 177416, 18;
    %cmp/u 8, 26, 18;
    %jmp/0xz  T_3.112, 4;
    %movi 8, 55863, 18;
    %ix/load 0, 18, 0;
    %assign/v0 v0x150b82b0_0, 0, 8;
    %jmp T_3.113;
T_3.112 ;
    %load/v 8, v0x150b8150_0, 18;
    %movi 26, 178256, 18;
    %cmp/u 8, 26, 18;
    %jmp/0xz  T_3.114, 4;
    %movi 8, 207309, 18;
    %ix/load 0, 18, 0;
    %assign/v0 v0x150b82b0_0, 0, 8;
    %jmp T_3.115;
T_3.114 ;
    %load/v 8, v0x150b8150_0, 18;
    %movi 26, 180944, 18;
    %cmp/u 8, 26, 18;
    %jmp/0xz  T_3.116, 4;
    %movi 8, 252477, 18;
    %ix/load 0, 18, 0;
    %assign/v0 v0x150b82b0_0, 0, 8;
    %jmp T_3.117;
T_3.116 ;
    %load/v 8, v0x150b8150_0, 18;
    %movi 26, 181336, 18;
    %cmp/u 8, 26, 18;
    %jmp/0xz  T_3.118, 4;
    %movi 8, 35277, 18;
    %ix/load 0, 18, 0;
    %assign/v0 v0x150b82b0_0, 0, 8;
    %jmp T_3.119;
T_3.118 ;
    %load/v 8, v0x150b8150_0, 18;
    %movi 26, 181896, 18;
    %cmp/u 8, 26, 18;
    %jmp/0xz  T_3.120, 4;
    %movi 8, 55455, 18;
    %ix/load 0, 18, 0;
    %assign/v0 v0x150b82b0_0, 0, 8;
T_3.120 ;
T_3.119 ;
T_3.117 ;
T_3.115 ;
T_3.113 ;
T_3.111 ;
T_3.109 ;
T_3.107 ;
T_3.105 ;
T_3.103 ;
T_3.101 ;
T_3.99 ;
T_3.97 ;
T_3.95 ;
T_3.93 ;
T_3.91 ;
T_3.89 ;
T_3.87 ;
T_3.85 ;
T_3.83 ;
T_3.81 ;
T_3.79 ;
T_3.77 ;
T_3.75 ;
T_3.73 ;
T_3.71 ;
T_3.69 ;
T_3.67 ;
T_3.65 ;
T_3.63 ;
T_3.61 ;
T_3.59 ;
T_3.57 ;
T_3.55 ;
T_3.53 ;
T_3.51 ;
T_3.49 ;
T_3.47 ;
T_3.45 ;
T_3.43 ;
T_3.41 ;
T_3.39 ;
T_3.37 ;
T_3.35 ;
T_3.33 ;
T_3.31 ;
T_3.29 ;
T_3.27 ;
T_3.25 ;
T_3.23 ;
T_3.21 ;
T_3.19 ;
T_3.17 ;
T_3.15 ;
T_3.13 ;
T_3.11 ;
T_3.9 ;
T_3.7 ;
T_3.5 ;
    %ix/load 0, 1, 0;
    %assign/v0 v0x150b8390_0, 0, 0;
    %jmp T_3.3;
T_3.1 ;
    %ix/load 0, 18, 0;
    %assign/v0 v0x150b82b0_0, 0, 0;
    %ix/load 0, 1, 0;
    %assign/v0 v0x150b8390_0, 0, 0;
    %jmp T_3.3;
T_3.3 ;
    %jmp T_3;
    .thread T_3, $push;
    .scope S_0x150b6980;
T_4 ;
    %wait E_0x150b4c00;
    %load/v 8, v0x150b7da0_0, 1;
    %inv 8, 1;
    %jmp/0xz  T_4.0, 8;
    %set/v v0x150b6db0_0, 0, 32;
T_4.2 ;
    %load/v 8, v0x150b6db0_0, 32;
   %cmpi/s 8, 16, 32;
    %jmp/0xz T_4.3, 5;
    %ix/getv/s 3, v0x150b6db0_0;
    %jmp/1 t_18, 4;
    %ix/load 0, 4, 0; word width
    %ix/load 1, 0, 0; part off
    %assign/av v0x150b6ef0, 0, 0;
t_18 ;
    %ix/load 0, 1, 0;
    %load/vp0/s 8, v0x150b6db0_0, 32;
    %set/v v0x150b6db0_0, 8, 32;
    %jmp T_4.2;
T_4.3 ;
    %jmp T_4.1;
T_4.0 ;
    %load/v 8, v0x150b7f00_0, 1;
    %jmp/0xz  T_4.4, 8;
    %load/v 8, v0x150b6e50_0, 18;
    %ix/getv 3, v0x150b6bf0_0;
    %jmp/1 t_19, 4;
    %ix/load 0, 4, 0; word width
    %ix/load 1, 0, 0; part off
    %assign/av v0x150b6ef0, 0, 8;
t_19 ;
    %jmp T_4.5;
T_4.4 ;
    %ix/getv 3, v0x150b6bf0_0;
    %load/av 8, v0x150b6ef0, 4;
    %ix/getv 3, v0x150b6bf0_0;
    %jmp/1 t_20, 4;
    %ix/load 0, 4, 0; word width
    %ix/load 1, 0, 0; part off
    %assign/av v0x150b6ef0, 0, 8;
t_20 ;
T_4.5 ;
T_4.1 ;
    %jmp T_4;
    .thread T_4;
    .scope S_0x150b6530;
T_5 ;
    %wait E_0x150b4c00;
    %load/v 8, v0x150b6820_0, 1;
    %inv 8, 1;
    %jmp/0xz  T_5.0, 8;
    %ix/load 0, 4, 0;
    %assign/v0 v0x150b6770_0, 0, 0;
    %jmp T_5.1;
T_5.0 ;
    %load/v 8, v0x150b68d0_0, 1;
    %jmp/0xz  T_5.2, 8;
    %load/v 8, v0x150b66c0_0, 4;
    %ix/load 0, 4, 0;
    %assign/v0 v0x150b6770_0, 0, 8;
    %jmp T_5.3;
T_5.2 ;
    %load/v 8, v0x150b6770_0, 4;
    %mov 12, 0, 28;
    %addi 8, 1, 32;
    %ix/load 0, 4, 0;
    %assign/v0 v0x150b6770_0, 0, 8;
T_5.3 ;
T_5.1 ;
    %jmp T_5;
    .thread T_5;
    .scope S_0x150b62f0;
T_6 ;
    %wait E_0x150b5930;
    %load/v 8, v0x150b64b0_0, 4;
    %cmpi/u 8, 0, 4;
    %jmp/1 T_6.0, 6;
    %cmpi/u 8, 1, 4;
    %jmp/1 T_6.1, 6;
    %jmp T_6.2;
T_6.0 ;
    %ix/load 0, 4, 0;
    %ix/load 1, 28, 0;
    %assign/v0/x1 v0x150b63e0_0, 0, 0;
    %ix/load 0, 4, 0;
    %ix/load 1, 24, 0;
    %assign/v0/x1 v0x150b63e0_0, 0, 0;
    %movi 8, 1, 4;
    %ix/load 0, 4, 0;
    %ix/load 1, 20, 0;
    %assign/v0/x1 v0x150b63e0_0, 0, 8;
    %ix/load 0, 20, 0;
    %ix/load 1, 0, 0;
    %assign/v0/x1 v0x150b63e0_0, 0, 0;
    %jmp T_6.2;
T_6.1 ;
    %movi 8, 1, 4;
    %ix/load 0, 4, 0;
    %ix/load 1, 28, 0;
    %assign/v0/x1 v0x150b63e0_0, 0, 8;
    %ix/load 0, 24, 0;
    %ix/load 1, 4, 0;
    %assign/v0/x1 v0x150b63e0_0, 0, 0;
    %movi 8, 1, 4;
    %ix/load 0, 4, 0;
    %ix/load 1, 0, 0;
    %assign/v0/x1 v0x150b63e0_0, 0, 8;
    %jmp T_6.2;
T_6.2 ;
    %jmp T_6;
    .thread T_6, $push;
    .scope S_0x150b5f90;
T_7 ;
    %wait E_0x150b4c00;
    %load/v 8, v0x150b6100_0, 1;
    %inv 8, 1;
    %jmp/0xz  T_7.0, 8;
    %ix/load 0, 1, 0;
    %assign/v0 v0x150b6270_0, 0, 0;
    %jmp T_7.1;
T_7.0 ;
    %load/v 8, v0x150b61d0_0, 1;
    %ix/load 0, 1, 0;
    %assign/v0 v0x150b6270_0, 0, 8;
T_7.1 ;
    %jmp T_7;
    .thread T_7;
    .scope S_0x150b55a0;
T_8 ;
    %wait E_0x150b53b0;
    %ix/load 1, 28, 0;
    %mov 4, 0, 1;
    %jmp/1 T_8.0, 4;
    %load/x1p 8, v0x150b5960_0, 4;
    %jmp T_8.1;
T_8.0 ;
    %mov 8, 2, 4;
T_8.1 ;
; Save base=8 wid=4 in lookaside.
    %cmpi/u 8, 0, 4;
    %jmp/1 T_8.2, 6;
    %cmpi/u 8, 1, 4;
    %jmp/1 T_8.3, 6;
    %ix/load 0, 1, 0;
    %assign/v0 v0x150b5aa0_0, 0, 0;
    %jmp T_8.5;
T_8.2 ;
    %ix/load 1, 28, 0;
    %mov 4, 0, 1;
    %jmp/1 T_8.6, 4;
    %load/x1p 8, v0x150b5960_0, 4;
    %jmp T_8.7;
T_8.6 ;
    %mov 8, 2, 4;
T_8.7 ;
; Save base=8 wid=4 in lookaside.
    %ix/load 0, 4, 0;
    %assign/v0 v0x150b56b0_0, 0, 8;
    %ix/load 1, 24, 0;
    %mov 4, 0, 1;
    %jmp/1 T_8.8, 4;
    %load/x1p 8, v0x150b5960_0, 4;
    %jmp T_8.9;
T_8.8 ;
    %mov 8, 2, 4;
T_8.9 ;
; Save base=8 wid=4 in lookaside.
    %ix/load 0, 4, 0;
    %assign/v0 v0x150b5810_0, 0, 8;
    %ix/load 1, 20, 0;
    %mov 4, 0, 1;
    %jmp/1 T_8.10, 4;
    %load/x1p 8, v0x150b5960_0, 4;
    %jmp T_8.11;
T_8.10 ;
    %mov 8, 2, 4;
T_8.11 ;
; Save base=8 wid=4 in lookaside.
    %ix/load 0, 4, 0;
    %assign/v0 v0x150b5e20_0, 0, 8;
    %ix/load 0, 4, 0;
    %assign/v0 v0x150b5d80_0, 0, 0;
    %ix/load 0, 4, 0;
    %assign/v0 v0x150b5a00_0, 0, 0;
    %ix/load 0, 1, 0;
    %assign/v0 v0x150b5aa0_0, 0, 0;
    %ix/load 0, 1, 0;
    %assign/v0 v0x150b5b40_0, 0, 1;
    %ix/load 0, 1, 0;
    %assign/v0 v0x150b5be0_0, 0, 0;
    %ix/load 0, 1, 0;
    %assign/v0 v0x150b5c80_0, 0, 0;
    %ix/load 0, 18, 0;
    %assign/v0 v0x150b5770_0, 0, 0;
    %ix/load 0, 1, 0;
    %assign/v0 v0x150b58b0_0, 0, 0;
    %jmp T_8.5;
T_8.3 ;
    %load/v 8, v0x150b5960_0, 4; Only need 4 of 32 bits
; Save base=8 wid=4 in lookaside.
    %ix/load 0, 4, 0;
    %assign/v0 v0x150b5a00_0, 0, 8;
    %ix/load 0, 1, 0;
    %assign/v0 v0x150b5aa0_0, 0, 1;
    %jmp T_8.5;
T_8.5 ;
    %jmp T_8;
    .thread T_8, $push;
    .scope S_0x150b3da0;
T_9 ;
    %wait E_0x150b4c00;
    %load/v 8, v0x150b5430_0, 1;
    %inv 8, 1;
    %jmp/0xz  T_9.0, 8;
    %ix/load 0, 5, 0;
    %assign/v0 v0x150b5290_0, 0, 0;
    %ix/load 0, 2, 0;
    %assign/v0 v0x150b51a0_0, 0, 0;
    %ix/load 0, 12, 0;
    %assign/v0 v0x150b54b0_0, 0, 0;
    %ix/load 0, 12, 0;
    %assign/v0 v0x150b5100_0, 0, 0;
    %ix/load 0, 5, 0;
    %assign/v0 v0x150b4d10_0, 0, 0;
    %jmp T_9.1;
T_9.0 ;
    %load/v 8, v0x150b5100_0, 12;
    %mov 20, 0, 20;
    %addi 8, 1, 32;
    %ix/load 0, 12, 0;
    %assign/v0 v0x150b5100_0, 0, 8;
    %load/v 8, v0x150b5100_0, 12;
    %mov 20, 0, 1;
    %cmpi/u 8, 0, 13;
    %jmp/0xz  T_9.2, 4;
    %movi 8, 1, 4;
    %ix/getv 0, v0x150b51a0_0;
    %shiftl/i0  8, 4;
    %inv 8, 4;
    %ix/load 0, 4, 0;
    %ix/load 1, 8, 0;
    %assign/v0/x1 v0x150b54b0_0, 0, 8;
    %ix/getv 3, v0x150b51a0_0;
    %load/av 8, v0x150b4db0, 12;
    %ix/load 0, 8, 0;
    %ix/load 1, 0, 0;
    %assign/v0/x1 v0x150b54b0_0, 0, 8;
    %load/v 8, v0x150b51a0_0, 2;
    %mov 10, 0, 30;
    %addi 8, 1, 32;
    %ix/load 0, 2, 0;
    %assign/v0 v0x150b51a0_0, 0, 8;
    %ix/load 1, 4, 0;
    %mov 4, 0, 1;
    %jmp/1 T_9.4, 4;
    %load/x1p 8, v0x150b4c50_0, 1;
    %jmp T_9.5;
T_9.4 ;
    %mov 8, 2, 1;
T_9.5 ;
; Save base=8 wid=1 in lookaside.
    %ix/load 1, 4, 0;
    %mov 4, 0, 1;
    %jmp/1 T_9.6, 4;
    %load/x1p 9, v0x150b4d10_0, 1;
    %jmp T_9.7;
T_9.6 ;
    %mov 9, 2, 1;
T_9.7 ;
; Save base=9 wid=1 in lookaside.
    %inv 9, 1;
    %and 8, 9, 1;
    %jmp/0xz  T_9.8, 8;
    %ix/load 0, 1, 0;
    %ix/load 1, 4, 0;
    %assign/v0/x1 v0x150b4d10_0, 0, 1;
    %load/v 8, v0x150b5290_0, 5;
    %mov 13, 0, 13;
    %load/v 26, v0x150b4fc0_0, 18;
    %cmp/u 8, 26, 18;
    %jmp/0xz  T_9.10, 5;
    %load/v 8, v0x150b5290_0, 5;
    %mov 13, 0, 27;
    %addi 8, 1, 32;
    %ix/load 0, 5, 0;
    %assign/v0 v0x150b5290_0, 0, 8;
T_9.10 ;
    %jmp T_9.9;
T_9.8 ;
    %ix/load 1, 3, 0;
    %mov 4, 0, 1;
    %jmp/1 T_9.12, 4;
    %load/x1p 8, v0x150b4c50_0, 1;
    %jmp T_9.13;
T_9.12 ;
    %mov 8, 2, 1;
T_9.13 ;
; Save base=8 wid=1 in lookaside.
    %ix/load 1, 3, 0;
    %mov 4, 0, 1;
    %jmp/1 T_9.14, 4;
    %load/x1p 9, v0x150b4d10_0, 1;
    %jmp T_9.15;
T_9.14 ;
    %mov 9, 2, 1;
T_9.15 ;
; Save base=9 wid=1 in lookaside.
    %inv 9, 1;
    %and 8, 9, 1;
    %jmp/0xz  T_9.16, 8;
    %ix/load 0, 1, 0;
    %ix/load 1, 3, 0;
    %assign/v0/x1 v0x150b4d10_0, 0, 1;
    %load/v 8, v0x150b5290_0, 5;
    %mov 13, 0, 1;
    %cmp/u 0, 8, 6;
    %jmp/0xz  T_9.18, 5;
    %load/v 8, v0x150b5290_0, 5;
    %mov 13, 0, 27;
    %subi 8, 1, 32;
    %ix/load 0, 5, 0;
    %assign/v0 v0x150b5290_0, 0, 8;
T_9.18 ;
T_9.16 ;
T_9.9 ;
    %ix/load 1, 4, 0;
    %mov 4, 0, 1;
    %jmp/1 T_9.20, 4;
    %load/x1p 8, v0x150b4c50_0, 1;
    %jmp T_9.21;
T_9.20 ;
    %mov 8, 2, 1;
T_9.21 ;
; Save base=8 wid=1 in lookaside.
    %inv 8, 1;
    %jmp/0xz  T_9.22, 8;
    %ix/load 0, 1, 0;
    %ix/load 1, 4, 0;
    %assign/v0/x1 v0x150b4d10_0, 0, 0;
T_9.22 ;
    %ix/load 1, 3, 0;
    %mov 4, 0, 1;
    %jmp/1 T_9.24, 4;
    %load/x1p 8, v0x150b4c50_0, 1;
    %jmp T_9.25;
T_9.24 ;
    %mov 8, 2, 1;
T_9.25 ;
; Save base=8 wid=1 in lookaside.
    %inv 8, 1;
    %jmp/0xz  T_9.26, 8;
    %ix/load 0, 1, 0;
    %ix/load 1, 3, 0;
    %assign/v0/x1 v0x150b4d10_0, 0, 0;
T_9.26 ;
    %ix/load 1, 2, 0;
    %mov 4, 0, 1;
    %jmp/1 T_9.28, 4;
    %load/x1p 8, v0x150b4c50_0, 1;
    %jmp T_9.29;
T_9.28 ;
    %mov 8, 2, 1;
T_9.29 ;
; Save base=8 wid=1 in lookaside.
    %inv 8, 1;
    %jmp/0xz  T_9.30, 8;
    %ix/load 0, 1, 0;
    %ix/load 1, 2, 0;
    %assign/v0/x1 v0x150b4d10_0, 0, 0;
T_9.30 ;
    %ix/load 1, 1, 0;
    %mov 4, 0, 1;
    %jmp/1 T_9.32, 4;
    %load/x1p 8, v0x150b4c50_0, 1;
    %jmp T_9.33;
T_9.32 ;
    %mov 8, 2, 1;
T_9.33 ;
; Save base=8 wid=1 in lookaside.
    %inv 8, 1;
    %jmp/0xz  T_9.34, 8;
    %ix/load 0, 1, 0;
    %ix/load 1, 1, 0;
    %assign/v0/x1 v0x150b4d10_0, 0, 0;
T_9.34 ;
    %load/v 8, v0x150b4c50_0, 1; Only need 1 of 5 bits
; Save base=8 wid=1 in lookaside.
    %inv 8, 1;
    %jmp/0xz  T_9.36, 8;
    %ix/load 0, 1, 0;
    %ix/load 1, 0, 0;
    %assign/v0/x1 v0x150b4d10_0, 0, 0;
T_9.36 ;
T_9.2 ;
T_9.1 ;
    %jmp T_9;
    .thread T_9;
    .scope S_0x150b3da0;
T_10 ;
    %wait E_0x150b4bb0;
    %load/v 8, v0x150b5040_0, 1;
    %jmp/0xz  T_10.0, 8;
    %load/v 8, v0x150b5330_0, 18;
    %movi 26, 0, 46;
    %movi 72, 3, 64;
    %mov 136, 0, 1;
    %load/v 137, v0x150b5290_0, 5;
    %ix/get 0, 136, 6;
    %shiftl/i0  72, 64;
    %and 8, 72, 64;
    %mov 72, 0, 1;
    %load/v 73, v0x150b5290_0, 5;
    %ix/get 0, 72, 6;
    %shiftr/i0  8, 64;
    %cmpi/u 8, 0, 64;
    %jmp/1 T_10.2, 6;
    %cmpi/u 8, 0, 64;
    %jmp/1 T_10.3, 6;
    %cmpi/u 8, 0, 64;
    %jmp/1 T_10.4, 6;
    %cmpi/u 8, 0, 64;
    %jmp/1 T_10.5, 6;
    %jmp T_10.6;
T_10.2 ;
    %movi 8, 193, 12;
   %ix/load 1, 0, 0;
   %ix/load 3, 3, 0;
   %set/av v0x150b4db0, 8, 12;
    %movi 8, 140, 12;
   %ix/load 1, 0, 0;
   %ix/load 3, 2, 0;
   %set/av v0x150b4db0, 8, 12;
    %jmp T_10.6;
T_10.3 ;
    %movi 8, 161, 12;
   %ix/load 1, 0, 0;
   %ix/load 3, 3, 0;
   %set/av v0x150b4db0, 8, 12;
    %movi 8, 163, 12;
   %ix/load 1, 0, 0;
   %ix/load 3, 2, 0;
   %set/av v0x150b4db0, 8, 12;
    %jmp T_10.6;
T_10.4 ;
    %movi 8, 199, 12;
   %ix/load 1, 0, 0;
   %ix/load 3, 3, 0;
   %set/av v0x150b4db0, 8, 12;
    %movi 8, 134, 12;
   %ix/load 1, 0, 0;
   %ix/load 3, 2, 0;
   %set/av v0x150b4db0, 8, 12;
    %jmp T_10.6;
T_10.5 ;
    %movi 8, 136, 12;
   %ix/load 1, 0, 0;
   %ix/load 3, 3, 0;
   %set/av v0x150b4db0, 8, 12;
    %movi 8, 249, 12;
   %ix/load 1, 0, 0;
   %ix/load 3, 2, 0;
   %set/av v0x150b4db0, 8, 12;
    %jmp T_10.6;
T_10.6 ;
    %jmp T_10.1;
T_10.0 ;
    %movi 8, 146, 12;
   %ix/load 1, 0, 0;
   %ix/load 3, 3, 0;
   %set/av v0x150b4db0, 8, 12;
    %movi 8, 163, 12;
   %ix/load 1, 0, 0;
   %ix/load 3, 2, 0;
   %set/av v0x150b4db0, 8, 12;
T_10.1 ;
    %jmp T_10;
    .thread T_10, $push;
    .scope S_0x150b3da0;
T_11 ;
    %wait E_0x150b4b40;
    %load/v 8, v0x150b5040_0, 1;
    %jmp/0xz  T_11.0, 8;
    %load/v 8, v0x150b5290_0, 5;
    %cmpi/u 8, 0, 5;
    %jmp/1 T_11.2, 6;
    %cmpi/u 8, 1, 5;
    %jmp/1 T_11.3, 6;
    %cmpi/u 8, 2, 5;
    %jmp/1 T_11.4, 6;
    %cmpi/u 8, 3, 5;
    %jmp/1 T_11.5, 6;
    %cmpi/u 8, 4, 5;
    %jmp/1 T_11.6, 6;
    %cmpi/u 8, 5, 5;
    %jmp/1 T_11.7, 6;
    %cmpi/u 8, 6, 5;
    %jmp/1 T_11.8, 6;
    %cmpi/u 8, 7, 5;
    %jmp/1 T_11.9, 6;
    %cmpi/u 8, 8, 5;
    %jmp/1 T_11.10, 6;
    %cmpi/u 8, 9, 5;
    %jmp/1 T_11.11, 6;
    %cmpi/u 8, 10, 5;
    %jmp/1 T_11.12, 6;
    %cmpi/u 8, 11, 5;
    %jmp/1 T_11.13, 6;
    %cmpi/u 8, 12, 5;
    %jmp/1 T_11.14, 6;
    %cmpi/u 8, 13, 5;
    %jmp/1 T_11.15, 6;
    %cmpi/u 8, 14, 5;
    %jmp/1 T_11.16, 6;
    %cmpi/u 8, 15, 5;
    %jmp/1 T_11.17, 6;
    %cmpi/u 8, 16, 5;
    %jmp/1 T_11.18, 6;
    %cmpi/u 8, 17, 5;
    %jmp/1 T_11.19, 6;
    %cmpi/u 8, 18, 5;
    %jmp/1 T_11.20, 6;
    %cmpi/u 8, 19, 5;
    %jmp/1 T_11.21, 6;
    %cmpi/u 8, 20, 5;
    %jmp/1 T_11.22, 6;
    %cmpi/u 8, 21, 5;
    %jmp/1 T_11.23, 6;
    %cmpi/u 8, 22, 5;
    %jmp/1 T_11.24, 6;
    %cmpi/u 8, 23, 5;
    %jmp/1 T_11.25, 6;
    %cmpi/u 8, 24, 5;
    %jmp/1 T_11.26, 6;
    %cmpi/u 8, 25, 5;
    %jmp/1 T_11.27, 6;
    %cmpi/u 8, 26, 5;
    %jmp/1 T_11.28, 6;
    %cmpi/u 8, 27, 5;
    %jmp/1 T_11.29, 6;
    %cmpi/u 8, 28, 5;
    %jmp/1 T_11.30, 6;
    %cmpi/u 8, 29, 5;
    %jmp/1 T_11.31, 6;
    %cmpi/u 8, 30, 5;
    %jmp/1 T_11.32, 6;
    %cmpi/u 8, 31, 5;
    %jmp/1 T_11.33, 6;
    %jmp T_11.34;
T_11.2 ;
    %movi 8, 192, 12;
   %ix/load 1, 0, 0;
   %ix/load 3, 1, 0;
   %set/av v0x150b4db0, 8, 12;
    %movi 8, 192, 12;
   %ix/load 1, 0, 0;
   %ix/load 3, 0, 0;
   %set/av v0x150b4db0, 8, 12;
    %jmp T_11.34;
T_11.3 ;
    %movi 8, 192, 12;
   %ix/load 1, 0, 0;
   %ix/load 3, 1, 0;
   %set/av v0x150b4db0, 8, 12;
    %movi 8, 249, 12;
   %ix/load 1, 0, 0;
   %ix/load 3, 0, 0;
   %set/av v0x150b4db0, 8, 12;
    %jmp T_11.34;
T_11.4 ;
    %movi 8, 192, 12;
   %ix/load 1, 0, 0;
   %ix/load 3, 1, 0;
   %set/av v0x150b4db0, 8, 12;
    %movi 8, 164, 12;
   %ix/load 1, 0, 0;
   %ix/load 3, 0, 0;
   %set/av v0x150b4db0, 8, 12;
    %jmp T_11.34;
T_11.5 ;
    %movi 8, 192, 12;
   %ix/load 1, 0, 0;
   %ix/load 3, 1, 0;
   %set/av v0x150b4db0, 8, 12;
    %movi 8, 176, 12;
   %ix/load 1, 0, 0;
   %ix/load 3, 0, 0;
   %set/av v0x150b4db0, 8, 12;
    %jmp T_11.34;
T_11.6 ;
    %movi 8, 192, 12;
   %ix/load 1, 0, 0;
   %ix/load 3, 1, 0;
   %set/av v0x150b4db0, 8, 12;
    %movi 8, 153, 12;
   %ix/load 1, 0, 0;
   %ix/load 3, 0, 0;
   %set/av v0x150b4db0, 8, 12;
    %jmp T_11.34;
T_11.7 ;
    %movi 8, 192, 12;
   %ix/load 1, 0, 0;
   %ix/load 3, 1, 0;
   %set/av v0x150b4db0, 8, 12;
    %movi 8, 146, 12;
   %ix/load 1, 0, 0;
   %ix/load 3, 0, 0;
   %set/av v0x150b4db0, 8, 12;
    %jmp T_11.34;
T_11.8 ;
    %movi 8, 192, 12;
   %ix/load 1, 0, 0;
   %ix/load 3, 1, 0;
   %set/av v0x150b4db0, 8, 12;
    %movi 8, 130, 12;
   %ix/load 1, 0, 0;
   %ix/load 3, 0, 0;
   %set/av v0x150b4db0, 8, 12;
    %jmp T_11.34;
T_11.9 ;
    %movi 8, 192, 12;
   %ix/load 1, 0, 0;
   %ix/load 3, 1, 0;
   %set/av v0x150b4db0, 8, 12;
    %movi 8, 216, 12;
   %ix/load 1, 0, 0;
   %ix/load 3, 0, 0;
   %set/av v0x150b4db0, 8, 12;
    %jmp T_11.34;
T_11.10 ;
    %movi 8, 192, 12;
   %ix/load 1, 0, 0;
   %ix/load 3, 1, 0;
   %set/av v0x150b4db0, 8, 12;
    %movi 8, 128, 12;
   %ix/load 1, 0, 0;
   %ix/load 3, 0, 0;
   %set/av v0x150b4db0, 8, 12;
    %jmp T_11.34;
T_11.11 ;
    %movi 8, 192, 12;
   %ix/load 1, 0, 0;
   %ix/load 3, 1, 0;
   %set/av v0x150b4db0, 8, 12;
    %movi 8, 144, 12;
   %ix/load 1, 0, 0;
   %ix/load 3, 0, 0;
   %set/av v0x150b4db0, 8, 12;
    %jmp T_11.34;
T_11.12 ;
    %movi 8, 249, 12;
   %ix/load 1, 0, 0;
   %ix/load 3, 1, 0;
   %set/av v0x150b4db0, 8, 12;
    %movi 8, 192, 12;
   %ix/load 1, 0, 0;
   %ix/load 3, 0, 0;
   %set/av v0x150b4db0, 8, 12;
    %jmp T_11.34;
T_11.13 ;
    %movi 8, 249, 12;
   %ix/load 1, 0, 0;
   %ix/load 3, 1, 0;
   %set/av v0x150b4db0, 8, 12;
    %movi 8, 249, 12;
   %ix/load 1, 0, 0;
   %ix/load 3, 0, 0;
   %set/av v0x150b4db0, 8, 12;
    %jmp T_11.34;
T_11.14 ;
    %movi 8, 249, 12;
   %ix/load 1, 0, 0;
   %ix/load 3, 1, 0;
   %set/av v0x150b4db0, 8, 12;
    %movi 8, 164, 12;
   %ix/load 1, 0, 0;
   %ix/load 3, 0, 0;
   %set/av v0x150b4db0, 8, 12;
    %jmp T_11.34;
T_11.15 ;
    %movi 8, 249, 12;
   %ix/load 1, 0, 0;
   %ix/load 3, 1, 0;
   %set/av v0x150b4db0, 8, 12;
    %movi 8, 176, 12;
   %ix/load 1, 0, 0;
   %ix/load 3, 0, 0;
   %set/av v0x150b4db0, 8, 12;
    %jmp T_11.34;
T_11.16 ;
    %movi 8, 249, 12;
   %ix/load 1, 0, 0;
   %ix/load 3, 1, 0;
   %set/av v0x150b4db0, 8, 12;
    %movi 8, 153, 12;
   %ix/load 1, 0, 0;
   %ix/load 3, 0, 0;
   %set/av v0x150b4db0, 8, 12;
    %jmp T_11.34;
T_11.17 ;
    %movi 8, 249, 12;
   %ix/load 1, 0, 0;
   %ix/load 3, 1, 0;
   %set/av v0x150b4db0, 8, 12;
    %movi 8, 146, 12;
   %ix/load 1, 0, 0;
   %ix/load 3, 0, 0;
   %set/av v0x150b4db0, 8, 12;
    %jmp T_11.34;
T_11.18 ;
    %movi 8, 249, 12;
   %ix/load 1, 0, 0;
   %ix/load 3, 1, 0;
   %set/av v0x150b4db0, 8, 12;
    %movi 8, 130, 12;
   %ix/load 1, 0, 0;
   %ix/load 3, 0, 0;
   %set/av v0x150b4db0, 8, 12;
    %jmp T_11.34;
T_11.19 ;
    %movi 8, 249, 12;
   %ix/load 1, 0, 0;
   %ix/load 3, 1, 0;
   %set/av v0x150b4db0, 8, 12;
    %movi 8, 216, 12;
   %ix/load 1, 0, 0;
   %ix/load 3, 0, 0;
   %set/av v0x150b4db0, 8, 12;
    %jmp T_11.34;
T_11.20 ;
    %movi 8, 249, 12;
   %ix/load 1, 0, 0;
   %ix/load 3, 1, 0;
   %set/av v0x150b4db0, 8, 12;
    %movi 8, 128, 12;
   %ix/load 1, 0, 0;
   %ix/load 3, 0, 0;
   %set/av v0x150b4db0, 8, 12;
    %jmp T_11.34;
T_11.21 ;
    %movi 8, 249, 12;
   %ix/load 1, 0, 0;
   %ix/load 3, 1, 0;
   %set/av v0x150b4db0, 8, 12;
    %movi 8, 144, 12;
   %ix/load 1, 0, 0;
   %ix/load 3, 0, 0;
   %set/av v0x150b4db0, 8, 12;
    %jmp T_11.34;
T_11.22 ;
    %movi 8, 164, 12;
   %ix/load 1, 0, 0;
   %ix/load 3, 1, 0;
   %set/av v0x150b4db0, 8, 12;
    %movi 8, 192, 12;
   %ix/load 1, 0, 0;
   %ix/load 3, 0, 0;
   %set/av v0x150b4db0, 8, 12;
    %jmp T_11.34;
T_11.23 ;
    %movi 8, 164, 12;
   %ix/load 1, 0, 0;
   %ix/load 3, 1, 0;
   %set/av v0x150b4db0, 8, 12;
    %movi 8, 249, 12;
   %ix/load 1, 0, 0;
   %ix/load 3, 0, 0;
   %set/av v0x150b4db0, 8, 12;
    %jmp T_11.34;
T_11.24 ;
    %movi 8, 164, 12;
   %ix/load 1, 0, 0;
   %ix/load 3, 1, 0;
   %set/av v0x150b4db0, 8, 12;
    %movi 8, 164, 12;
   %ix/load 1, 0, 0;
   %ix/load 3, 0, 0;
   %set/av v0x150b4db0, 8, 12;
    %jmp T_11.34;
T_11.25 ;
    %movi 8, 164, 12;
   %ix/load 1, 0, 0;
   %ix/load 3, 1, 0;
   %set/av v0x150b4db0, 8, 12;
    %movi 8, 176, 12;
   %ix/load 1, 0, 0;
   %ix/load 3, 0, 0;
   %set/av v0x150b4db0, 8, 12;
    %jmp T_11.34;
T_11.26 ;
    %movi 8, 164, 12;
   %ix/load 1, 0, 0;
   %ix/load 3, 1, 0;
   %set/av v0x150b4db0, 8, 12;
    %movi 8, 153, 12;
   %ix/load 1, 0, 0;
   %ix/load 3, 0, 0;
   %set/av v0x150b4db0, 8, 12;
    %jmp T_11.34;
T_11.27 ;
    %movi 8, 164, 12;
   %ix/load 1, 0, 0;
   %ix/load 3, 1, 0;
   %set/av v0x150b4db0, 8, 12;
    %movi 8, 146, 12;
   %ix/load 1, 0, 0;
   %ix/load 3, 0, 0;
   %set/av v0x150b4db0, 8, 12;
    %jmp T_11.34;
T_11.28 ;
    %movi 8, 164, 12;
   %ix/load 1, 0, 0;
   %ix/load 3, 1, 0;
   %set/av v0x150b4db0, 8, 12;
    %movi 8, 130, 12;
   %ix/load 1, 0, 0;
   %ix/load 3, 0, 0;
   %set/av v0x150b4db0, 8, 12;
    %jmp T_11.34;
T_11.29 ;
    %movi 8, 164, 12;
   %ix/load 1, 0, 0;
   %ix/load 3, 1, 0;
   %set/av v0x150b4db0, 8, 12;
    %movi 8, 216, 12;
   %ix/load 1, 0, 0;
   %ix/load 3, 0, 0;
   %set/av v0x150b4db0, 8, 12;
    %jmp T_11.34;
T_11.30 ;
    %movi 8, 164, 12;
   %ix/load 1, 0, 0;
   %ix/load 3, 1, 0;
   %set/av v0x150b4db0, 8, 12;
    %movi 8, 128, 12;
   %ix/load 1, 0, 0;
   %ix/load 3, 0, 0;
   %set/av v0x150b4db0, 8, 12;
    %jmp T_11.34;
T_11.31 ;
    %movi 8, 164, 12;
   %ix/load 1, 0, 0;
   %ix/load 3, 1, 0;
   %set/av v0x150b4db0, 8, 12;
    %movi 8, 144, 12;
   %ix/load 1, 0, 0;
   %ix/load 3, 0, 0;
   %set/av v0x150b4db0, 8, 12;
    %jmp T_11.34;
T_11.32 ;
    %movi 8, 176, 12;
   %ix/load 1, 0, 0;
   %ix/load 3, 1, 0;
   %set/av v0x150b4db0, 8, 12;
    %movi 8, 192, 12;
   %ix/load 1, 0, 0;
   %ix/load 3, 0, 0;
   %set/av v0x150b4db0, 8, 12;
    %jmp T_11.34;
T_11.33 ;
    %movi 8, 176, 12;
   %ix/load 1, 0, 0;
   %ix/load 3, 1, 0;
   %set/av v0x150b4db0, 8, 12;
    %movi 8, 249, 12;
   %ix/load 1, 0, 0;
   %ix/load 3, 0, 0;
   %set/av v0x150b4db0, 8, 12;
    %jmp T_11.34;
T_11.34 ;
T_11.0 ;
    %jmp T_11;
    .thread T_11, $push;
    .scope S_0x15074e10;
T_12 ;
    %wait E_0x15076140;
    %load/v 8, v0x150b3d00_0, 1;
    %inv 8, 1;
    %jmp/0xz  T_12.0, 8;
    %ix/load 0, 2, 0;
    %assign/v0 v0x150b3bb0_0, 0, 0;
    %jmp T_12.1;
T_12.0 ;
    %ix/load 0, 1, 0;
    %load/vp0 8, v0x150b3bb0_0, 2;
    %ix/load 0, 2, 0;
    %assign/v0 v0x150b3bb0_0, 0, 8;
T_12.1 ;
    %jmp T_12;
    .thread T_12;
    .scope S_0x1506baf0;
T_13 ;
    %delay 50, 0;
    %load/v 8, v0x150bae80_0, 1;
    %inv 8, 1;
    %set/v v0x150bae80_0, 8, 1;
    %jmp T_13;
    .thread T_13;
    .scope S_0x1506baf0;
T_14 ;
    %vpi_call 2 8 "$dumpfile", "top_test.vcd";
    %vpi_call 2 9 "$dumpvars", 1'sb0, S_0x150753a0;
    %vpi_call 2 10 "$dumplimit", 21'sb011110100001001000000;
    %vpi_call 2 11 "$monitor", $stime, "clk:%b rst:%b", v0x150bae80_0, v0x150baf50_0;
    %set/v v0x150baf50_0, 0, 1;
    %set/v v0x150bae80_0, 0, 1;
    %set/v v0x150babd0_0, 0, 5;
    %delay 150, 0;
    %set/v v0x150baf50_0, 1, 1;
    %delay 1000000, 0;
    %vpi_call 2 18 "$finish";
    %end;
    .thread T_14;
# The file index is used to find the file name in the following table.
:file_names 14;
    "N/A";
    "<interactive>";
    "test.v";
    "top.v";
    "sel.v";
    "register.v";
    "alu.v";
    "memory.v";
    "pc.v";
    "imem.v";
    "zf.v";
    "decoder.v";
    "io.v";
    "divider.v";
