Copyright 1986-2016 Xilinx, Inc. All Rights Reserved.
-------------------------------------------------------------------------------------------------------------
| Tool Version : Vivado v.2016.4 (win64) Build 1756540 Mon Jan 23 19:11:23 MST 2017
| Date         : Wed Jul 19 12:54:03 2017
| Host         : DESKTOP-5F6G55S running 64-bit major release  (build 9200)
| Command      : report_methodology -file top_methodology_drc_routed.rpt -rpx top_methodology_drc_routed.rpx
| Design       : top
| Device       : xc7a35tcpg236-1
| Speed File   : -1
| Design State : Routed
-------------------------------------------------------------------------------------------------------------

Report Methodology

Table of Contents
-----------------
1. REPORT SUMMARY
2. REPORT DETAILS

1. REPORT SUMMARY
-----------------
            Netlist: netlist
          Floorplan: design_1
      Design limits: <entire design considered>
             Max violations: <unlimited>
             Violations found: 62
+-----------+----------+-------------------------------+------------+
| Rule      | Severity | Description                   | Violations |
+-----------+----------+-------------------------------+------------+
| TIMING-18 | Warning  | Missing input or output delay | 18         |
| TIMING-20 | Warning  | Non-clocked latch             | 44         |
+-----------+----------+-------------------------------+------------+

2. REPORT DETAILS
-----------------
TIMING-18#1 Warning
Missing input or output delay  
An input delay is missing on btn[0] relative to clock(s) mclk 
Related violations: <none>

TIMING-18#2 Warning
Missing input or output delay  
An input delay is missing on btn[1] relative to clock(s) mclk 
Related violations: <none>

TIMING-18#3 Warning
Missing input or output delay  
An input delay is missing on btn[2] relative to clock(s) mclk 
Related violations: <none>

TIMING-18#4 Warning
Missing input or output delay  
An input delay is missing on btn[3] relative to clock(s) mclk 
Related violations: <none>

TIMING-18#5 Warning
Missing input or output delay  
An input delay is missing on btn[4] relative to clock(s) mclk 
Related violations: <none>

TIMING-18#6 Warning
Missing input or output delay  
An input delay is missing on rst_n relative to clock(s) mclk 
Related violations: <none>

TIMING-18#7 Warning
Missing input or output delay  
An output delay is missing on seg[0] relative to clock(s) mclk 
Related violations: <none>

TIMING-18#8 Warning
Missing input or output delay  
An output delay is missing on seg[10] relative to clock(s) mclk 
Related violations: <none>

TIMING-18#9 Warning
Missing input or output delay  
An output delay is missing on seg[11] relative to clock(s) mclk 
Related violations: <none>

TIMING-18#10 Warning
Missing input or output delay  
An output delay is missing on seg[1] relative to clock(s) mclk 
Related violations: <none>

TIMING-18#11 Warning
Missing input or output delay  
An output delay is missing on seg[2] relative to clock(s) mclk 
Related violations: <none>

TIMING-18#12 Warning
Missing input or output delay  
An output delay is missing on seg[3] relative to clock(s) mclk 
Related violations: <none>

TIMING-18#13 Warning
Missing input or output delay  
An output delay is missing on seg[4] relative to clock(s) mclk 
Related violations: <none>

TIMING-18#14 Warning
Missing input or output delay  
An output delay is missing on seg[5] relative to clock(s) mclk 
Related violations: <none>

TIMING-18#15 Warning
Missing input or output delay  
An output delay is missing on seg[6] relative to clock(s) mclk 
Related violations: <none>

TIMING-18#16 Warning
Missing input or output delay  
An output delay is missing on seg[7] relative to clock(s) mclk 
Related violations: <none>

TIMING-18#17 Warning
Missing input or output delay  
An output delay is missing on seg[8] relative to clock(s) mclk 
Related violations: <none>

TIMING-18#18 Warning
Missing input or output delay  
An output delay is missing on seg[9] relative to clock(s) mclk 
Related violations: <none>

TIMING-20#1 Warning
Non-clocked latch  
The latch a0/out_reg[0] cannot be properly analyzed as its control pin a0/out_reg[0]/G is not reached by a timing clock
Related violations: <none>

TIMING-20#2 Warning
Non-clocked latch  
The latch a0/out_reg[10] cannot be properly analyzed as its control pin a0/out_reg[10]/G is not reached by a timing clock
Related violations: <none>

TIMING-20#3 Warning
Non-clocked latch  
The latch a0/out_reg[11] cannot be properly analyzed as its control pin a0/out_reg[11]/G is not reached by a timing clock
Related violations: <none>

TIMING-20#4 Warning
Non-clocked latch  
The latch a0/out_reg[12] cannot be properly analyzed as its control pin a0/out_reg[12]/G is not reached by a timing clock
Related violations: <none>

TIMING-20#5 Warning
Non-clocked latch  
The latch a0/out_reg[13] cannot be properly analyzed as its control pin a0/out_reg[13]/G is not reached by a timing clock
Related violations: <none>

TIMING-20#6 Warning
Non-clocked latch  
The latch a0/out_reg[14] cannot be properly analyzed as its control pin a0/out_reg[14]/G is not reached by a timing clock
Related violations: <none>

TIMING-20#7 Warning
Non-clocked latch  
The latch a0/out_reg[15] cannot be properly analyzed as its control pin a0/out_reg[15]/G is not reached by a timing clock
Related violations: <none>

TIMING-20#8 Warning
Non-clocked latch  
The latch a0/out_reg[16] cannot be properly analyzed as its control pin a0/out_reg[16]/G is not reached by a timing clock
Related violations: <none>

TIMING-20#9 Warning
Non-clocked latch  
The latch a0/out_reg[17] cannot be properly analyzed as its control pin a0/out_reg[17]/G is not reached by a timing clock
Related violations: <none>

TIMING-20#10 Warning
Non-clocked latch  
The latch a0/out_reg[18] cannot be properly analyzed as its control pin a0/out_reg[18]/G is not reached by a timing clock
Related violations: <none>

TIMING-20#11 Warning
Non-clocked latch  
The latch a0/out_reg[19] cannot be properly analyzed as its control pin a0/out_reg[19]/G is not reached by a timing clock
Related violations: <none>

TIMING-20#12 Warning
Non-clocked latch  
The latch a0/out_reg[1] cannot be properly analyzed as its control pin a0/out_reg[1]/G is not reached by a timing clock
Related violations: <none>

TIMING-20#13 Warning
Non-clocked latch  
The latch a0/out_reg[20] cannot be properly analyzed as its control pin a0/out_reg[20]/G is not reached by a timing clock
Related violations: <none>

TIMING-20#14 Warning
Non-clocked latch  
The latch a0/out_reg[21] cannot be properly analyzed as its control pin a0/out_reg[21]/G is not reached by a timing clock
Related violations: <none>

TIMING-20#15 Warning
Non-clocked latch  
The latch a0/out_reg[22] cannot be properly analyzed as its control pin a0/out_reg[22]/G is not reached by a timing clock
Related violations: <none>

TIMING-20#16 Warning
Non-clocked latch  
The latch a0/out_reg[23] cannot be properly analyzed as its control pin a0/out_reg[23]/G is not reached by a timing clock
Related violations: <none>

TIMING-20#17 Warning
Non-clocked latch  
The latch a0/out_reg[24] cannot be properly analyzed as its control pin a0/out_reg[24]/G is not reached by a timing clock
Related violations: <none>

TIMING-20#18 Warning
Non-clocked latch  
The latch a0/out_reg[25] cannot be properly analyzed as its control pin a0/out_reg[25]/G is not reached by a timing clock
Related violations: <none>

TIMING-20#19 Warning
Non-clocked latch  
The latch a0/out_reg[26] cannot be properly analyzed as its control pin a0/out_reg[26]/G is not reached by a timing clock
Related violations: <none>

TIMING-20#20 Warning
Non-clocked latch  
The latch a0/out_reg[27] cannot be properly analyzed as its control pin a0/out_reg[27]/G is not reached by a timing clock
Related violations: <none>

TIMING-20#21 Warning
Non-clocked latch  
The latch a0/out_reg[28] cannot be properly analyzed as its control pin a0/out_reg[28]/G is not reached by a timing clock
Related violations: <none>

TIMING-20#22 Warning
Non-clocked latch  
The latch a0/out_reg[29] cannot be properly analyzed as its control pin a0/out_reg[29]/G is not reached by a timing clock
Related violations: <none>

TIMING-20#23 Warning
Non-clocked latch  
The latch a0/out_reg[2] cannot be properly analyzed as its control pin a0/out_reg[2]/G is not reached by a timing clock
Related violations: <none>

TIMING-20#24 Warning
Non-clocked latch  
The latch a0/out_reg[30] cannot be properly analyzed as its control pin a0/out_reg[30]/G is not reached by a timing clock
Related violations: <none>

TIMING-20#25 Warning
Non-clocked latch  
The latch a0/out_reg[31] cannot be properly analyzed as its control pin a0/out_reg[31]/G is not reached by a timing clock
Related violations: <none>

TIMING-20#26 Warning
Non-clocked latch  
The latch a0/out_reg[32] cannot be properly analyzed as its control pin a0/out_reg[32]/G is not reached by a timing clock
Related violations: <none>

TIMING-20#27 Warning
Non-clocked latch  
The latch a0/out_reg[33] cannot be properly analyzed as its control pin a0/out_reg[33]/G is not reached by a timing clock
Related violations: <none>

TIMING-20#28 Warning
Non-clocked latch  
The latch a0/out_reg[34] cannot be properly analyzed as its control pin a0/out_reg[34]/G is not reached by a timing clock
Related violations: <none>

TIMING-20#29 Warning
Non-clocked latch  
The latch a0/out_reg[35] cannot be properly analyzed as its control pin a0/out_reg[35]/G is not reached by a timing clock
Related violations: <none>

TIMING-20#30 Warning
Non-clocked latch  
The latch a0/out_reg[37] cannot be properly analyzed as its control pin a0/out_reg[37]/G is not reached by a timing clock
Related violations: <none>

TIMING-20#31 Warning
Non-clocked latch  
The latch a0/out_reg[39] cannot be properly analyzed as its control pin a0/out_reg[39]/G is not reached by a timing clock
Related violations: <none>

TIMING-20#32 Warning
Non-clocked latch  
The latch a0/out_reg[3] cannot be properly analyzed as its control pin a0/out_reg[3]/G is not reached by a timing clock
Related violations: <none>

TIMING-20#33 Warning
Non-clocked latch  
The latch a0/out_reg[4] cannot be properly analyzed as its control pin a0/out_reg[4]/G is not reached by a timing clock
Related violations: <none>

TIMING-20#34 Warning
Non-clocked latch  
The latch a0/out_reg[5] cannot be properly analyzed as its control pin a0/out_reg[5]/G is not reached by a timing clock
Related violations: <none>

TIMING-20#35 Warning
Non-clocked latch  
The latch a0/out_reg[6] cannot be properly analyzed as its control pin a0/out_reg[6]/G is not reached by a timing clock
Related violations: <none>

TIMING-20#36 Warning
Non-clocked latch  
The latch a0/out_reg[7] cannot be properly analyzed as its control pin a0/out_reg[7]/G is not reached by a timing clock
Related violations: <none>

TIMING-20#37 Warning
Non-clocked latch  
The latch a0/out_reg[8] cannot be properly analyzed as its control pin a0/out_reg[8]/G is not reached by a timing clock
Related violations: <none>

TIMING-20#38 Warning
Non-clocked latch  
The latch a0/out_reg[9] cannot be properly analyzed as its control pin a0/out_reg[9]/G is not reached by a timing clock
Related violations: <none>

TIMING-20#39 Warning
Non-clocked latch  
The latch dec1/dst_reg[0] cannot be properly analyzed as its control pin dec1/dst_reg[0]/G is not reached by a timing clock
Related violations: <none>

TIMING-20#40 Warning
Non-clocked latch  
The latch dec1/dst_reg[1] cannot be properly analyzed as its control pin dec1/dst_reg[1]/G is not reached by a timing clock
Related violations: <none>

TIMING-20#41 Warning
Non-clocked latch  
The latch dec1/pc_in_reg[0] cannot be properly analyzed as its control pin dec1/pc_in_reg[0]/G is not reached by a timing clock
Related violations: <none>

TIMING-20#42 Warning
Non-clocked latch  
The latch imem0/op_reg[24] cannot be properly analyzed as its control pin imem0/op_reg[24]/G is not reached by a timing clock
Related violations: <none>

TIMING-20#43 Warning
Non-clocked latch  
The latch imem0/op_reg[25] cannot be properly analyzed as its control pin imem0/op_reg[25]/G is not reached by a timing clock
Related violations: <none>

TIMING-20#44 Warning
Non-clocked latch  
The latch imem0/op_reg[29] cannot be properly analyzed as its control pin imem0/op_reg[29]/G is not reached by a timing clock
Related violations: <none>


